<?xml version="1.0" encoding="UTF-8"?>
<testng-results ignored="0" total="1" passed="1" failed="0" skipped="0">
  <reporter-output>
  </reporter-output>
  <suite started-at="2022-09-05T11:44:52Z" name="Default suite" finished-at="2022-09-05T11:45:40Z" duration-ms="47350">
    <groups>
    </groups>
    <test started-at="2022-09-05T11:44:52Z" name="Default test" finished-at="2022-09-05T11:45:40Z" duration-ms="47350">
      <class name="irctc_Testcases.Login_Page">
        <test-method is-config="true" signature="Driver()[pri:0, instance:irctc_Testcases.Login_Page@6d167f58]" started-at="2022-09-05T11:44:52Z" name="Driver" finished-at="2022-09-05T11:44:54Z" duration-ms="1480" status="PASS">
          <reporter-output>
          </reporter-output>
        </test-method> <!-- Driver -->
        <test-method signature="NewUser_Registration()[pri:0, instance:irctc_Testcases.Login_Page@6d167f58]" started-at="2022-09-05T11:44:54Z" name="NewUser_Registration" finished-at="2022-09-05T11:45:40Z" duration-ms="45853" status="PASS">
          <reporter-output>
          </reporter-output>
        </test-method> <!-- NewUser_Registration -->
      </class> <!-- irctc_Testcases.Login_Page -->
    </test> <!-- Default test -->
  </suite> <!-- Default suite -->
</testng-results>
